<?xml version="1.0" encoding="UTF-8"?>
<testng-results ignored="0" total="2" passed="2" failed="0" skipped="0">
  <reporter-output>
  </reporter-output>
  <suite started-at="2021-08-04T16:55:54 IST" name="Default suite" finished-at="2021-08-04T16:55:59 IST" duration-ms="5466">
    <groups>
    </groups>
    <test started-at="2021-08-04T16:55:54 IST" name="Default test" finished-at="2021-08-04T16:55:59 IST" duration-ms="5466">
      <class name="GitProject.DemoWebShop">
        <test-method is-config="true" signature="browser()[pri:0, instance:GitProject.DemoWebShop@350aac89]" started-at="2021-08-04T16:55:50 IST" name="browser" finished-at="2021-08-04T16:55:54 IST" duration-ms="4081" status="PASS">
          <reporter-output>
          </reporter-output>
        </test-method> <!-- browser -->
        <test-method is-config="true" signature="url()[pri:0, instance:GitProject.DemoWebShop@350aac89]" started-at="2021-08-04T16:55:54 IST" name="url" finished-at="2021-08-04T16:55:56 IST" duration-ms="1947" status="PASS">
          <reporter-output>
          </reporter-output>
        </test-method> <!-- url -->
        <test-method is-config="true" signature="max()[pri:0, instance:GitProject.DemoWebShop@350aac89]" started-at="2021-08-04T16:55:56 IST" name="max" finished-at="2021-08-04T16:55:56 IST" duration-ms="345" status="PASS">
          <reporter-output>
          </reporter-output>
        </test-method> <!-- max -->
        <test-method signature="m1()[pri:1, instance:GitProject.DemoWebShop@350aac89]" started-at="2021-08-04T16:55:56 IST" name="m1" finished-at="2021-08-04T16:55:57 IST" duration-ms="1548" status="PASS">
          <reporter-output>
          </reporter-output>
        </test-method> <!-- m1 -->
        <test-method signature="login()[pri:2, instance:GitProject.DemoWebShop@350aac89]" started-at="2021-08-04T16:55:57 IST" name="login" finished-at="2021-08-04T16:55:59 IST" duration-ms="1551" status="PASS">
          <reporter-output>
          </reporter-output>
        </test-method> <!-- login -->
        <test-method is-config="true" signature="close()[pri:0, instance:GitProject.DemoWebShop@350aac89]" started-at="2021-08-04T16:55:59 IST" name="close" finished-at="2021-08-04T16:55:59 IST" duration-ms="78" status="PASS">
          <reporter-output>
          </reporter-output>
        </test-method> <!-- close -->
      </class> <!-- GitProject.DemoWebShop -->
    </test> <!-- Default test -->
  </suite> <!-- Default suite -->
</testng-results>
