<?xml version="1.0" encoding="UTF-8"?>
<!-- Generated by org.testng.reporters.JUnitXMLReporter -->
<testsuite ignored="0" hostname="Bhavana-PC" failures="0" tests="5" name="Test" time="71.793" errors="0" timestamp="2021-07-26T13:50:07 IST">
  <testcase classname="com.Listners.Tasks.Jpetlogin" name="login" time="1.221"/>
  <testcase classname="com.Listners.Tasks.AddToCartFish" name="addtocart" time="2.0"/>
  <testcase classname="com.Listners.Tasks.MercuryLogin" name="login" time="3.886"/>
  <testcase classname="com.Listners.Tasks.AddFlight" name="flight" time="6.201"/>
  <testcase classname="com.Listners.Tasks.JpetRegister" name="register" time="32.676"/>
</testsuite> <!-- Test -->
